ERROR: LoadError: InexactError: Int64(10.8)
Stacktrace:
 [1] Int64(x::Float64)
   @ Base ./float.jl:900
 [2] top-level scope
   @ ~/QG/julia/QG_topo/run_three_layer_power_iter.jl:79
 [3] include(fname::String)
   @ Base.MainInclude ./client.jl:478
 [4] top-level scope
   @ ~/QG/julia/QG_topo/start_three_layer.jl:62
in expression starting at /home/ml1994/QG/julia/QG_topo/run_three_layer_power_iter.jl:11
in expression starting at /home/ml1994/QG/julia/QG_topo/start_three_layer.jl:61
CSP crit.: -2.108e-02, Term 1: 4.178e-02, Term 2: -6.270e-02, Term 3: -1.558e-04
c2-c1(dopp) = -4.325e-04, cr_dopp 1: 3.696e-02, cr_dopp 2: 3.739e-02, cr_dopp 3: 1.840e-02

Completed renormalization cycle 1/3

CSP crit.: -1.665e-02, Term 1: 3.239e-02, Term 2: -4.903e-02, Term 3: -2.052e-06
c2-c1(dopp) = 2.886e-04, cr_dopp 1: 4.137e-02, cr_dopp 2: 4.108e-02, cr_dopp 3: 3.996e-02

Completed renormalization cycle 2/3

CSP crit.: -2.193e-02, Term 1: 2.940e-02, Term 2: -5.133e-02, Term 3: -9.514e-07
c2-c1(dopp) = -4.685e-04, cr_dopp 1: 4.102e-02, cr_dopp 2: 4.149e-02, cr_dopp 3: 4.302e-02

Completed renormalization cycle 3/3

Saving output data to CSV
